RUN	org.example.OpensourceOrange	opensourceorange	1664203080609	test	3.6.1
USER	Users	START	1664203081151
USER	Admin	START	1664203081151
REQUEST		edit	1664203081180	1664203081580	OK	 
REQUEST		login	1664203081180	1664203081595	OK	 
REQUEST		edit Redirect 1	1664203081605	1664203081711	OK	 
REQUEST		bootstrap.min.css	1664203081664	1664203081940	OK	 
REQUEST		bootstrap.min.css	1664203081717	1664203081993	OK	 
REQUEST		main.css	1664203081664	1664203082047	OK	 
REQUEST		main.css	1664203081717	1664203082091	OK	 
USER	Users	END	1664203082097
USER	Admin	START	1664203082140
REQUEST		login	1664203082141	1664203082532	OK	 
REQUEST		bootstrap.min.css	1664203082534	1664203082809	OK	 
REQUEST		main.css	1664203082535	1664203082907	OK	 
USER	Users	START	1664203083134
USER	Admin	START	1664203083149
REQUEST		edit	1664203083135	1664203083518	OK	 
REQUEST		login	1664203083150	1664203083538	OK	 
REQUEST		edit Redirect 1	1664203083519	1664203083628	OK	 
REQUEST		bootstrap.min.css	1664203083539	1664203083832	OK	 
REQUEST		bootstrap.min.css	1664203083630	1664203083921	OK	 
REQUEST		main.css	1664203083540	1664203083925	OK	 
REQUEST		main.css	1664203083630	1664203084018	OK	 
USER	Users	END	1664203084021
USER	Admin	START	1664203084144
REQUEST		login	1664203084145	1664203084538	OK	 
REQUEST		bootstrap.min.css	1664203084539	1664203084817	OK	 
REQUEST		main.css	1664203084540	1664203084915	OK	 
REQUEST		search	1664203085062	1664203085156	OK	 
USER	Admin	START	1664203085157
REQUEST		main.css	1664203085159	1664203085254	OK	 
REQUEST		bootstrap.min.css	1664203085159	1664203085433	OK	 
REQUEST		login	1664203085158	1664203085555	OK	 
REQUEST		bootstrap.min.css	1664203085556	1664203085833	OK	 
REQUEST		main.css	1664203085557	1664203085926	OK	 
REQUEST		search	1664203085919	1664203086022	OK	 
REQUEST		main.css	1664203086026	1664203086119	OK	 
USER	Users	START	1664203086135
USER	Admin	START	1664203086135
REQUEST		bootstrap.min.css	1664203086025	1664203086300	OK	 
REQUEST		edit	1664203086135	1664203086518	OK	 
REQUEST		login	1664203086136	1664203086527	OK	 
REQUEST		edit Redirect 1	1664203086519	1664203086627	OK	 
REQUEST		bootstrap.min.css	1664203086528	1664203086805	OK	 
REQUEST		main.css	1664203086528	1664203086898	OK	 
REQUEST		bootstrap.min.css	1664203086628	1664203086909	OK	 
REQUEST		main.css	1664203086629	1664203087008	OK	 
USER	Users	END	1664203087010
REQUEST		search	1664203086942	1664203087037	OK	 
REQUEST		main.css	1664203087039	1664203087131	OK	 
USER	Admin	START	1664203087143
REQUEST		bootstrap.min.css	1664203087038	1664203087312	OK	 
REQUEST		login	1664203087144	1664203087530	OK	 
REQUEST		bootstrap.min.css	1664203087531	1664203087801	OK	 
REQUEST		main.css	1664203087532	1664203087906	OK	 
REQUEST		search	1664203087926	1664203088019	OK	 
REQUEST		main.css	1664203088021	1664203088115	OK	 
USER	Admin	START	1664203088148
USER	Users	START	1664203088148
REQUEST		bootstrap.min.css	1664203088020	1664203088296	OK	 
REQUEST		edit	1664203088149	1664203088532	OK	 
REQUEST		searchCuomputers	1664203088439	1664203088535	OK	 
REQUEST		login	1664203088149	1664203088539	OK	 
REQUEST		edit Redirect 1	1664203088533	1664203088633	OK	 
REQUEST		bootstrap.min.css	1664203088537	1664203088634	OK	 
REQUEST		main.css	1664203088537	1664203088634	OK	 
REQUEST		bootstrap.min.css	1664203088540	1664203088817	OK	 
REQUEST		bootstrap.min.css	1664203088634	1664203088908	OK	 
REQUEST		main.css	1664203088541	1664203088913	OK	 
REQUEST		main.css	1664203088635	1664203089002	OK	 
USER	Users	END	1664203089003
REQUEST		search	1664203088936	1664203089027	OK	 
REQUEST		main.css	1664203089029	1664203089126	OK	 
USER	Admin	START	1664203089140
REQUEST		bootstrap.min.css	1664203089028	1664203089329	OK	 
REQUEST		searchCuomputers	1664203089312	1664203089408	OK	 
REQUEST		main.css	1664203089410	1664203089510	OK	 
REQUEST		bootstrap.min.css	1664203089410	1664203089514	OK	 
REQUEST		login	1664203089140	1664203089533	OK	 
REQUEST		bootstrap.min.css	1664203089534	1664203089808	OK	 
REQUEST		main.css	1664203089535	1664203089906	OK	 
REQUEST		search	1664203089908	1664203090004	OK	 
REQUEST		main.css	1664203090007	1664203090098	OK	 
USER	Admin	START	1664203090139
REQUEST		bootstrap.min.css	1664203090006	1664203090281	OK	 
REQUEST		searchCuomputers	1664203090325	1664203090419	OK	 
REQUEST		bootstrap.min.css	1664203090421	1664203090516	OK	 
REQUEST		main.css	1664203090422	1664203090520	OK	 
REQUEST		login	1664203090140	1664203090525	OK	 
REQUEST		bootstrap.min.css	1664203090526	1664203090801	OK	 
REQUEST		main.css	1664203090527	1664203090900	OK	 
REQUEST		search	1664203090919	1664203091015	OK	 
REQUEST		main.css	1664203091017	1664203091110	OK	 
REQUEST		bootstrap.min.css	1664203091016	1664203091289	OK	 
REQUEST		searchCuomputers	1664203091309	1664203091403	OK	 
REQUEST		bootstrap.min.css	1664203091404	1664203091499	OK	 
REQUEST		main.css	1664203091405	1664203091499	OK	 
REQUEST		edit	1664203091637	1664203091730	OK	 
REQUEST		edit Redirect 1	1664203091730	1664203091823	OK	 
REQUEST		bootstrap.min.css	1664203091825	1664203091918	OK	 
REQUEST		main.css	1664203091825	1664203091919	OK	 
USER	Admin	END	1664203091920
REQUEST		search	1664203091916	1664203092015	OK	 
REQUEST		main.css	1664203092017	1664203092110	OK	 
REQUEST		bootstrap.min.css	1664203092016	1664203092303	OK	 
REQUEST		searchCuomputers	1664203092339	1664203092436	OK	 
REQUEST		main.css	1664203092439	1664203092530	OK	 
REQUEST		edit	1664203092527	1664203092618	OK	 
REQUEST		bootstrap.min.css	1664203092438	1664203092712	OK	 
REQUEST		edit Redirect 1	1664203092619	1664203092714	OK	 
REQUEST		bootstrap.min.css	1664203092717	1664203092832	OK	 
REQUEST		main.css	1664203092718	1664203092833	OK	 
USER	Admin	END	1664203092835
REQUEST		search	1664203092916	1664203093010	OK	 
REQUEST		main.css	1664203093013	1664203093108	OK	 
REQUEST		bootstrap.min.css	1664203093013	1664203093288	OK	 
REQUEST		searchCuomputers	1664203093291	1664203093383	OK	 
REQUEST		main.css	1664203093386	1664203093480	OK	 
REQUEST		edit	1664203093524	1664203093617	OK	 
REQUEST		bootstrap.min.css	1664203093386	1664203093660	OK	 
REQUEST		edit Redirect 1	1664203093618	1664203093714	OK	 
REQUEST		bootstrap.min.css	1664203093716	1664203093811	OK	 
REQUEST		main.css	1664203093716	1664203093812	OK	 
USER	Admin	END	1664203093814
REQUEST		search	1664203093909	1664203094003	OK	 
REQUEST		main.css	1664203094006	1664203094098	OK	 
REQUEST		bootstrap.min.css	1664203094005	1664203094294	OK	 
REQUEST		searchCuomputers	1664203094299	1664203094394	OK	 
REQUEST		main.css	1664203094397	1664203094490	OK	 
REQUEST		edit	1664203094516	1664203094609	OK	 
REQUEST		bootstrap.min.css	1664203094396	1664203094667	OK	 
REQUEST		edit Redirect 1	1664203094610	1664203094705	OK	 
REQUEST		bootstrap.min.css	1664203094707	1664203094802	OK	 
REQUEST		main.css	1664203094708	1664203094803	OK	 
USER	Admin	END	1664203094805
REQUEST		searchCuomputers	1664203095318	1664203095413	OK	 
REQUEST		bootstrap.min.css	1664203095414	1664203095507	OK	 
REQUEST		main.css	1664203095415	1664203095509	OK	 
REQUEST		edit	1664203095724	1664203095817	OK	 
REQUEST		edit Redirect 1	1664203095818	1664203095915	OK	 
REQUEST		main.css	1664203095918	1664203096015	OK	 
REQUEST		bootstrap.min.css	1664203095917	1664203096211	OK	 
USER	Admin	END	1664203096212
REQUEST		searchCuomputers	1664203096297	1664203096390	OK	 
REQUEST		main.css	1664203096392	1664203096486	OK	 
REQUEST		bootstrap.min.css	1664203096392	1664203096670	OK	 
REQUEST		edit	1664203096669	1664203096762	OK	 
REQUEST		edit Redirect 1	1664203096762	1664203096855	OK	 
REQUEST		main.css	1664203096858	1664203096950	OK	 
REQUEST		bootstrap.min.css	1664203096858	1664203097132	OK	 
USER	Admin	END	1664203097134
REQUEST		searchCuomputers	1664203097302	1664203097396	OK	 
REQUEST		main.css	1664203097399	1664203097494	OK	 
REQUEST		bootstrap.min.css	1664203097398	1664203097676	OK	 
REQUEST		edit	1664203097676	1664203097770	OK	 
REQUEST		edit Redirect 1	1664203097770	1664203097863	OK	 
REQUEST		main.css	1664203097865	1664203097958	OK	 
REQUEST		bootstrap.min.css	1664203097865	1664203098139	OK	 
USER	Admin	END	1664203098141
REQUEST		edit	1664203098516	1664203098609	OK	 
REQUEST		edit Redirect 1	1664203098610	1664203098703	OK	 
REQUEST		bootstrap.min.css	1664203098704	1664203098798	OK	 
REQUEST		main.css	1664203098704	1664203098798	OK	 
USER	Admin	END	1664203098799
REQUEST		edit	1664203099683	1664203099798	OK	 
REQUEST		edit Redirect 1	1664203099799	1664203099894	OK	 
REQUEST		main.css	1664203099896	1664203099989	OK	 
REQUEST		bootstrap.min.css	1664203099895	1664203100171	OK	 
USER	Admin	END	1664203100173
REQUEST		edit	1664203100678	1664203100776	OK	 
REQUEST		edit Redirect 1	1664203100776	1664203100869	OK	 
REQUEST		main.css	1664203100871	1664203100965	OK	 
REQUEST		bootstrap.min.css	1664203100871	1664203101157	OK	 
USER	Admin	END	1664203101159
