RUN	org.example.OpensourceOrange	opensourceorange	1664196714990	run	3.6.1
USER	Admin	START	1664196715538
USER	Users	START	1664196715538
REQUEST		edit	1664196715569	1664196716025	OK	 
REQUEST		login	1664196715569	1664196716047	OK	 
REQUEST		edit Redirect 1	1664196716048	1664196716151	OK	 
REQUEST		bootstrap.min.css	1664196716124	1664196716412	OK	 
REQUEST		bootstrap.min.css	1664196716155	1664196716431	OK	 
REQUEST		main.css	1664196716126	1664196716514	OK	 
USER	Admin	START	1664196716529
REQUEST		main.css	1664196716156	1664196716534	OK	 
USER	Users	END	1664196716538
REQUEST		login	1664196716530	1664196716915	OK	 
REQUEST		bootstrap.min.css	1664196716919	1664196717195	OK	 
REQUEST		main.css	1664196716920	1664196717293	OK	 
USER	Users	START	1664196717524
USER	Admin	START	1664196717540
REQUEST		edit	1664196717525	1664196717907	OK	 
REQUEST		login	1664196717540	1664196717943	OK	 
REQUEST		edit Redirect 1	1664196717907	1664196718011	OK	 
REQUEST		bootstrap.min.css	1664196717946	1664196718221	OK	 
REQUEST		bootstrap.min.css	1664196718013	1664196718283	OK	 
REQUEST		main.css	1664196717947	1664196718325	OK	 
REQUEST		main.css	1664196718014	1664196718385	OK	 
USER	Users	END	1664196718387
USER	Admin	START	1664196718535
REQUEST		login	1664196718536	1664196718917	OK	 
REQUEST		bootstrap.min.css	1664196718918	1664196719196	OK	 
REQUEST		main.css	1664196718919	1664196719289	OK	 
USER	Admin	START	1664196719526
REQUEST		search	1664196719526	1664196719622	OK	 
REQUEST		main.css	1664196719625	1664196719719	OK	 
REQUEST		bootstrap.min.css	1664196719624	1664196719895	OK	 
REQUEST		login	1664196719527	1664196719909	OK	 
REQUEST		bootstrap.min.css	1664196719910	1664196720190	OK	 
REQUEST		main.css	1664196719911	1664196720290	OK	 
REQUEST		search	1664196720304	1664196720399	OK	 
REQUEST		main.css	1664196720403	1664196720497	OK	 
USER	Users	START	1664196720523
USER	Admin	START	1664196720523
REQUEST		bootstrap.min.css	1664196720402	1664196720675	OK	 
REQUEST		edit	1664196720523	1664196720896	OK	 
REQUEST		login	1664196720523	1664196720911	OK	 
REQUEST		edit Redirect 1	1664196720897	1664196721004	OK	 
REQUEST		bootstrap.min.css	1664196720913	1664196721187	OK	 
REQUEST		bootstrap.min.css	1664196721007	1664196721283	OK	 
REQUEST		main.css	1664196720914	1664196721287	OK	 
REQUEST		main.css	1664196721007	1664196721376	OK	 
USER	Users	END	1664196721377
REQUEST		search	1664196721341	1664196721434	OK	 
USER	Admin	START	1664196721523
REQUEST		main.css	1664196721437	1664196721533	OK	 
REQUEST		bootstrap.min.css	1664196721437	1664196721706	OK	 
REQUEST		login	1664196721523	1664196721909	OK	 
REQUEST		bootstrap.min.css	1664196721911	1664196722182	OK	 
REQUEST		main.css	1664196721911	1664196722280	OK	 
REQUEST		search	1664196722300	1664196722393	OK	 
REQUEST		main.css	1664196722395	1664196722489	OK	 
USER	Admin	START	1664196722533
USER	Users	START	1664196722533
REQUEST		bootstrap.min.css	1664196722395	1664196722666	OK	 
REQUEST		edit	1664196722533	1664196722931	OK	 
REQUEST		login	1664196722533	1664196722938	OK	 
REQUEST		searchCuomputers	1664196722909	1664196723007	OK	 
REQUEST		edit Redirect 1	1664196722931	1664196723033	OK	 
REQUEST		bootstrap.min.css	1664196723009	1664196723102	OK	 
REQUEST		main.css	1664196723009	1664196723104	OK	 
REQUEST		bootstrap.min.css	1664196722940	1664196723211	OK	 
REQUEST		bootstrap.min.css	1664196723035	1664196723306	OK	 
REQUEST		main.css	1664196722941	1664196723313	OK	 
REQUEST		search	1664196723295	1664196723390	OK	 
REQUEST		main.css	1664196723035	1664196723404	OK	 
USER	Users	END	1664196723406
REQUEST		main.css	1664196723392	1664196723486	OK	 
USER	Admin	START	1664196723542
REQUEST		bootstrap.min.css	1664196723392	1664196723666	OK	 
REQUEST		searchCuomputers	1664196723682	1664196723774	OK	 
REQUEST		bootstrap.min.css	1664196723775	1664196723869	OK	 
REQUEST		main.css	1664196723776	1664196723871	OK	 
REQUEST		login	1664196723542	1664196723924	OK	 
REQUEST		bootstrap.min.css	1664196723925	1664196724208	OK	 
REQUEST		main.css	1664196723926	1664196724305	OK	 
REQUEST		search	1664196724302	1664196724394	OK	 
REQUEST		main.css	1664196724396	1664196724491	OK	 
USER	Admin	START	1664196724532
REQUEST		bootstrap.min.css	1664196724395	1664196724675	OK	 
REQUEST		searchCuomputers	1664196724717	1664196724810	OK	 
REQUEST		bootstrap.min.css	1664196724812	1664196724906	OK	 
REQUEST		main.css	1664196724813	1664196724907	OK	 
REQUEST		login	1664196724533	1664196724913	OK	 
REQUEST		bootstrap.min.css	1664196724915	1664196725191	OK	 
REQUEST		main.css	1664196724915	1664196725289	OK	 
REQUEST		search	1664196725286	1664196725381	OK	 
REQUEST		main.css	1664196725384	1664196725477	OK	 
REQUEST		bootstrap.min.css	1664196725383	1664196725654	OK	 
REQUEST		searchCuomputers	1664196725673	1664196725766	OK	 
REQUEST		bootstrap.min.css	1664196725767	1664196725861	OK	 
REQUEST		main.css	1664196725768	1664196725863	OK	 
REQUEST		edit	1664196726108	1664196726201	OK	 
REQUEST		edit Redirect 1	1664196726201	1664196726294	OK	 
REQUEST		bootstrap.min.css	1664196726296	1664196726393	OK	 
REQUEST		main.css	1664196726296	1664196726394	OK	 
USER	Admin	END	1664196726395
REQUEST		search	1664196726324	1664196726418	OK	 
REQUEST		main.css	1664196726420	1664196726514	OK	 
REQUEST		bootstrap.min.css	1664196726420	1664196726695	OK	 
REQUEST		searchCuomputers	1664196726679	1664196726773	OK	 
REQUEST		main.css	1664196726775	1664196726868	OK	 
REQUEST		bootstrap.min.css	1664196726774	1664196726878	OK	 
REQUEST		edit	1664196726881	1664196726973	OK	 
REQUEST		edit Redirect 1	1664196726973	1664196727065	OK	 
REQUEST		bootstrap.min.css	1664196727067	1664196727165	OK	 
REQUEST		main.css	1664196727068	1664196727166	OK	 
USER	Admin	END	1664196727167
REQUEST		search	1664196727317	1664196727410	OK	 
REQUEST		main.css	1664196727413	1664196727506	OK	 
REQUEST		bootstrap.min.css	1664196727412	1664196727688	OK	 
REQUEST		searchCuomputers	1664196727687	1664196727781	OK	 
REQUEST		bootstrap.min.css	1664196727783	1664196727874	OK	 
REQUEST		main.css	1664196727783	1664196727879	OK	 
REQUEST		edit	1664196727921	1664196728013	OK	 
REQUEST		edit Redirect 1	1664196728014	1664196728109	OK	 
REQUEST		bootstrap.min.css	1664196728111	1664196728208	OK	 
REQUEST		main.css	1664196728112	1664196728209	OK	 
USER	Admin	END	1664196728210
REQUEST		search	1664196728292	1664196728386	OK	 
REQUEST		main.css	1664196728389	1664196728483	OK	 
REQUEST		bootstrap.min.css	1664196728388	1664196728666	OK	 
REQUEST		searchCuomputers	1664196728663	1664196728758	OK	 
REQUEST		bootstrap.min.css	1664196728760	1664196728858	OK	 
REQUEST		main.css	1664196728760	1664196728859	OK	 
REQUEST		edit	1664196728868	1664196728961	OK	 
REQUEST		edit Redirect 1	1664196728962	1664196729060	OK	 
REQUEST		bootstrap.min.css	1664196729062	1664196729157	OK	 
REQUEST		main.css	1664196729062	1664196729158	OK	 
USER	Admin	END	1664196729159
REQUEST		searchCuomputers	1664196729707	1664196729805	OK	 
REQUEST		bootstrap.min.css	1664196729806	1664196729898	OK	 
REQUEST		main.css	1664196729806	1664196729903	OK	 
REQUEST		edit	1664196729891	1664196729984	OK	 
REQUEST		edit Redirect 1	1664196729985	1664196730078	OK	 
REQUEST		main.css	1664196730081	1664196730174	OK	 
REQUEST		bootstrap.min.css	1664196730080	1664196730175	OK	 
USER	Admin	END	1664196730177
REQUEST		searchCuomputers	1664196730698	1664196730797	OK	 
REQUEST		bootstrap.min.css	1664196730798	1664196730895	OK	 
REQUEST		main.css	1664196730799	1664196730896	OK	 
REQUEST		edit	1664196730883	1664196730977	OK	 
REQUEST		edit Redirect 1	1664196730977	1664196731074	OK	 
REQUEST		bootstrap.min.css	1664196731076	1664196731169	OK	 
REQUEST		main.css	1664196731076	1664196731170	OK	 
USER	Admin	END	1664196731171
REQUEST		searchCuomputers	1664196731678	1664196731775	OK	 
REQUEST		main.css	1664196731777	1664196731868	OK	 
REQUEST		bootstrap.min.css	1664196731777	1664196731870	OK	 
REQUEST		edit	1664196731864	1664196731956	OK	 
REQUEST		edit Redirect 1	1664196731957	1664196732049	OK	 
REQUEST		bootstrap.min.css	1664196732051	1664196732144	OK	 
REQUEST		main.css	1664196732052	1664196732145	OK	 
USER	Admin	END	1664196732146
REQUEST		edit	1664196732908	1664196733004	OK	 
REQUEST		edit Redirect 1	1664196733005	1664196733102	OK	 
REQUEST		bootstrap.min.css	1664196733105	1664196733204	OK	 
REQUEST		main.css	1664196733107	1664196733207	OK	 
USER	Admin	END	1664196733210
REQUEST		edit	1664196733900	1664196733992	OK	 
REQUEST		edit Redirect 1	1664196733993	1664196734089	OK	 
REQUEST		bootstrap.min.css	1664196734092	1664196734187	OK	 
REQUEST		main.css	1664196734093	1664196734191	OK	 
USER	Admin	END	1664196734194
REQUEST		edit	1664196734879	1664196734972	OK	 
REQUEST		edit Redirect 1	1664196734973	1664196735068	OK	 
REQUEST		bootstrap.min.css	1664196735072	1664196735165	OK	 
REQUEST		main.css	1664196735074	1664196735169	OK	 
USER	Admin	END	1664196735172
